<?xml version="1.0" encoding="utf-8"?><testsuites name="pytest tests"><testsuite name="pytest" errors="0" failures="0" skipped="0" tests="29" time="6.801" timestamp="2026-04-16T18:19:52.056551+00:00" hostname="agent-env-16ef3e52-caf9-486e-9aa9-ec2beb106a95"><testcase classname="backend.tests.test_iteration7_features.TestPublicStats" name="test_public_stats_no_auth" time="0.261" /><testcase classname="backend.tests.test_iteration7_features.TestPublicStats" name="test_public_stats_values" time="0.125" /><testcase classname="backend.tests.test_iteration7_features.TestRegistrationSubmission" name="test_submit_coachee_registration" time="0.135" /><testcase classname="backend.tests.test_iteration7_features.TestRegistrationSubmission" name="test_submit_coach_registration" time="0.127" /><testcase classname="backend.tests.test_iteration7_features.TestRegistrationSubmission" name="test_submit_coach_with_nominations" time="0.175" /><testcase classname="backend.tests.test_iteration7_features.TestRegistrationSubmission" name="test_duplicate_email_rejected" time="0.342" /><testcase classname="backend.tests.test_iteration7_features.TestRegistrationSubmission" name="test_existing_user_email_rejected" time="0.170" /><testcase classname="backend.tests.test_iteration7_features.TestRegistrationListing" name="test_list_registrations_admin" time="0.496" /><testcase classname="backend.tests.test_iteration7_features.TestRegistrationListing" name="test_list_registrations_pending" time="0.229" /><testcase classname="backend.tests.test_iteration7_features.TestRegistrationListing" name="test_list_registrations_coach_forbidden" time="0.473" /><testcase classname="backend.tests.test_iteration7_features.TestRegistrationListing" name="test_list_registrations_coachee_forbidden" time="0.474" /><testcase classname="backend.tests.test_iteration7_features.TestRegistrationApproval" name="test_approve_registration" time="0.800" /><testcase classname="backend.tests.test_iteration7_features.TestRegistrationApproval" name="test_approve_nonexistent_registration" time="0.138" /><testcase classname="backend.tests.test_iteration7_features.TestRegistrationApproval" name="test_approve_coach_forbidden" time="0.124" /><testcase classname="backend.tests.test_iteration7_features.TestRegistrationRejection" name="test_reject_registration" time="0.279" /><testcase classname="backend.tests.test_iteration7_features.TestRegistrationRejection" name="test_reject_nonexistent_registration" time="0.187" /><testcase classname="backend.tests.test_iteration7_features.TestSessionNotes" name="test_add_note_to_completed_session" time="0.133" /><testcase classname="backend.tests.test_iteration7_features.TestSessionNotes" name="test_get_session_notes" time="0.127" /><testcase classname="backend.tests.test_iteration7_features.TestSessionNotes" name="test_add_note_to_nonexistent_session" time="0.130" /><testcase classname="backend.tests.test_iteration7_features.TestSessionNotes" name="test_coach_can_add_note" time="0.491" /><testcase classname="backend.tests.test_iteration7_features.TestSessionNotesRestrictions" name="test_cannot_add_note_to_upcoming_session" time="0.115" /><testcase classname="backend.tests.test_iteration7_features.TestSessionNotesRestrictions" name="test_unauthorized_user_cannot_add_note" time="0.108" /><testcase classname="backend.tests.test_iteration7_features.TestAdminMIS" name="test_mis_returns_all_fields" time="0.169" /><testcase classname="backend.tests.test_iteration7_features.TestAdminMIS" name="test_coach_occupancy_structure" time="0.145" /><testcase classname="backend.tests.test_iteration7_features.TestAdminMIS" name="test_coachee_statuses_structure" time="0.125" /><testcase classname="backend.tests.test_iteration7_features.TestAdminMIS" name="test_location_distribution" time="0.138" /><testcase classname="backend.tests.test_iteration7_features.TestAdminMIS" name="test_business_unit_distribution" time="0.130" /><testcase classname="backend.tests.test_iteration7_features.TestAdminMIS" name="test_mis_coach_forbidden" time="0.171" /><testcase classname="backend.tests.test_iteration7_features.TestAdminMIS" name="test_mis_coachee_forbidden" time="0.141" /></testsuite></testsuites>