<?xml version="1.0" encoding="utf-8"?><testsuites name="pytest tests"><testsuite name="pytest" errors="0" failures="0" skipped="0" tests="21" time="10.509" timestamp="2026-04-17T05:24:09.547275+00:00" hostname="agent-env-16ef3e52-caf9-486e-9aa9-ec2beb106a95"><testcase classname="backend.tests.test_emails.TestLogin" name="test_coach_login" time="0.500" /><testcase classname="backend.tests.test_emails.TestLogin" name="test_coachee_login" time="0.330" /><testcase classname="backend.tests.test_emails.TestLogin" name="test_admin_login" time="0.366" /><testcase classname="backend.tests.test_emails.TestLogin" name="test_additional_coachees_login" time="2.009" /><testcase classname="backend.tests.test_emails.TestEmailsAPI" name="test_emails_requires_auth" time="0.104" /><testcase classname="backend.tests.test_emails.TestEmailsAPI" name="test_coach_gets_coach_emails" time="0.475" /><testcase classname="backend.tests.test_emails.TestEmailsAPI" name="test_coachee_gets_coachee_emails" time="0.432" /><testcase classname="backend.tests.test_emails.TestEmailsAPI" name="test_admin_gets_admin_emails" time="0.513" /><testcase classname="backend.tests.test_emails.TestEmailsAPI" name="test_emails_sorted_by_date_desc" time="0.496" /><testcase classname="backend.tests.test_emails.TestEmailsAPI" name="test_email_has_required_fields" time="0.440" /><testcase classname="backend.tests.test_emails.TestEmailsAPI" name="test_email_from_platform" time="0.437" /><testcase classname="backend.tests.test_emails.TestMarkEmailRead" name="test_mark_read_requires_auth" time="0.119" /><testcase classname="backend.tests.test_emails.TestMarkEmailRead" name="test_mark_email_read" time="0.672" /><testcase classname="backend.tests.test_emails.TestMarkAllEmailsRead" name="test_mark_all_read_requires_auth" time="0.111" /><testcase classname="backend.tests.test_emails.TestMarkAllEmailsRead" name="test_mark_all_emails_read" time="0.594" /><testcase classname="backend.tests.test_emails.TestUserSpecificEmails" name="test_coachee_priya_has_emails" time="0.454" /><testcase classname="backend.tests.test_emails.TestUserSpecificEmails" name="test_coachee_rohan_has_emails" time="0.446" /><testcase classname="backend.tests.test_emails.TestUserSpecificEmails" name="test_coachee_ananya_has_emails" time="0.467" /><testcase classname="backend.tests.test_emails.TestUserSpecificEmails" name="test_coachee_vikram_has_emails" time="0.431" /><testcase classname="backend.tests.test_emails.TestUserSpecificEmails" name="test_users_cannot_see_others_emails" time="0.881" /><testcase classname="backend.tests.test_emails.TestPublicStats" name="test_public_stats_shows_6_coachees" time="0.100" /></testsuite></testsuites>