<?xml version="1.0" encoding="utf-8"?><testsuites name="pytest tests"><testsuite name="pytest" errors="0" failures="0" skipped="1" tests="12" time="1.965" timestamp="2026-03-24T07:56:27.898764+00:00" hostname="agent-env-16ef3e52-caf9-486e-9aa9-ec2beb106a95"><testcase classname="backend.tests.test_feedback_form.TestFeedbackAPIStructure" name="test_feedback_endpoint_exists" time="0.356" /><testcase classname="backend.tests.test_feedback_form.TestFeedbackAPIStructure" name="test_feedback_requires_coachee_role" time="0.237" /><testcase classname="backend.tests.test_feedback_form.TestFeedbackValidation" name="test_missing_overall_rating" time="0.109" /><testcase classname="backend.tests.test_feedback_form.TestFeedbackValidation" name="test_missing_coach_rating" time="0.101" /><testcase classname="backend.tests.test_feedback_form.TestFeedbackValidation" name="test_missing_learning_outcomes" time="0.112" /><testcase classname="backend.tests.test_feedback_form.TestFeedbackValidation" name="test_incomplete_learning_outcomes" time="0.096" /><testcase classname="backend.tests.test_feedback_form.TestFeedbackValidation" name="test_missing_most_valuable" time="0.094" /><testcase classname="backend.tests.test_feedback_form.TestFeedbackValidation" name="test_suggestions_is_optional" time="0.101" /><testcase classname="backend.tests.test_feedback_form.TestFeedbackSubmission" name="test_valid_feedback_structure_accepted" time="0.100" /><testcase classname="backend.tests.test_feedback_form.TestFeedbackBusinessLogic" name="test_cannot_submit_feedback_twice" time="0.101"><skipped type="pytest.skip" message="Feedback not yet submitted - cannot test duplicate prevention">/app/backend/tests/test_feedback_form.py:275: Feedback not yet submitted - cannot test duplicate prevention</skipped></testcase><testcase classname="backend.tests.test_feedback_form.TestFeedbackBusinessLogic" name="test_feedback_requires_completed_journey" time="0.099" /><testcase classname="backend.tests.test_feedback_form.TestLearningOutcomesModel" name="test_all_four_subitems_required" time="0.399" /></testsuite></testsuites>