<?xml version="1.0" encoding="utf-8"?><testsuites name="pytest tests"><testsuite name="pytest" errors="0" failures="0" skipped="0" tests="21" time="9.683" timestamp="2026-03-25T14:35:14.360743+00:00" hostname="agent-env-16ef3e52-caf9-486e-9aa9-ec2beb106a95"><testcase classname="backend.tests.test_iteration6_features.TestSecurityBcryptLogin" name="test_login_with_correct_password_admin" time="0.535" /><testcase classname="backend.tests.test_iteration6_features.TestSecurityBcryptLogin" name="test_login_with_correct_password_coach" time="0.353" /><testcase classname="backend.tests.test_iteration6_features.TestSecurityBcryptLogin" name="test_login_with_correct_password_coachee" time="0.334" /><testcase classname="backend.tests.test_iteration6_features.TestSecurityBcryptLogin" name="test_login_with_wrong_password_returns_401" time="0.340" /><testcase classname="backend.tests.test_iteration6_features.TestSecurityBcryptLogin" name="test_login_with_nonexistent_email_returns_401" time="0.120" /><testcase classname="backend.tests.test_iteration6_features.TestSessionComplete" name="test_complete_session_endpoint_exists" time="0.529" /><testcase classname="backend.tests.test_iteration6_features.TestSessionComplete" name="test_complete_nonexistent_session_returns_404" time="0.440" /><testcase classname="backend.tests.test_iteration6_features.TestAdminDashboardAPIs" name="test_admin_stats_returns_correct_fields" time="0.473" /><testcase classname="backend.tests.test_iteration6_features.TestAdminDashboardAPIs" name="test_admin_stats_blocked_for_coach" time="0.471" /><testcase classname="backend.tests.test_iteration6_features.TestAdminDashboardAPIs" name="test_admin_stats_blocked_for_coachee" time="0.541" /><testcase classname="backend.tests.test_iteration6_features.TestAdminDashboardAPIs" name="test_admin_coaches_returns_coach_list" time="0.514" /><testcase classname="backend.tests.test_iteration6_features.TestAdminDashboardAPIs" name="test_admin_coaches_blocked_for_non_admin" time="0.504" /><testcase classname="backend.tests.test_iteration6_features.TestAdminDashboardAPIs" name="test_admin_coachees_returns_coachee_list" time="0.516" /><testcase classname="backend.tests.test_iteration6_features.TestAdminDashboardAPIs" name="test_admin_coachees_blocked_for_non_admin" time="0.471" /><testcase classname="backend.tests.test_iteration6_features.TestAdminDashboardAPIs" name="test_admin_trends_returns_chart_data" time="0.460" /><testcase classname="backend.tests.test_iteration6_features.TestAdminDashboardAPIs" name="test_admin_trends_blocked_for_non_admin" time="0.462" /><testcase classname="backend.tests.test_iteration6_features.TestAdminDashboardAPIs" name="test_admin_user_history_returns_full_data" time="0.578" /><testcase classname="backend.tests.test_iteration6_features.TestAdminDashboardAPIs" name="test_admin_user_history_returns_404_for_nonexistent" time="0.443" /><testcase classname="backend.tests.test_iteration6_features.TestAdminDashboardAPIs" name="test_admin_user_history_blocked_for_non_admin" time="0.447" /><testcase classname="backend.tests.test_iteration6_features.TestAdminDashboardDataIntegrity" name="test_coach_feedback_rating_calculation" time="0.498" /><testcase classname="backend.tests.test_iteration6_features.TestAdminDashboardDataIntegrity" name="test_top_coaches_sorted_by_rating" time="0.446" /></testsuite></testsuites>