<?xml version="1.0" encoding="utf-8"?><testsuites name="pytest tests"><testsuite name="pytest" errors="0" failures="0" skipped="0" tests="22" time="5.841" timestamp="2026-03-23T14:59:17.602808+00:00" hostname="agent-env-19f2b473-5eba-4bfb-9c9e-b91ed4da2a81"><testcase classname="backend.tests.test_elevate_api.TestAuth" name="test_login_coachee_success" time="0.175" /><testcase classname="backend.tests.test_elevate_api.TestAuth" name="test_login_coach_success" time="0.149" /><testcase classname="backend.tests.test_elevate_api.TestAuth" name="test_login_admin_success" time="0.108" /><testcase classname="backend.tests.test_elevate_api.TestAuth" name="test_login_invalid_credentials" time="0.154" /><testcase classname="backend.tests.test_elevate_api.TestAuth" name="test_login_wrong_password" time="0.141" /><testcase classname="backend.tests.test_elevate_api.TestAuth" name="test_get_me_authenticated" time="0.236" /><testcase classname="backend.tests.test_elevate_api.TestAuth" name="test_get_me_unauthenticated" time="0.132" /><testcase classname="backend.tests.test_elevate_api.TestCoaches" name="test_list_coaches" time="0.235" /><testcase classname="backend.tests.test_elevate_api.TestCoaches" name="test_list_coaches_unauthenticated" time="0.124" /><testcase classname="backend.tests.test_elevate_api.TestCoaches" name="test_get_availability" time="0.721" /><testcase classname="backend.tests.test_elevate_api.TestRequests" name="test_create_request_success" time="0.227" /><testcase classname="backend.tests.test_elevate_api.TestRequests" name="test_create_request_coach_forbidden" time="0.323" /><testcase classname="backend.tests.test_elevate_api.TestRequests" name="test_get_active_request" time="0.223" /><testcase classname="backend.tests.test_elevate_api.TestRequests" name="test_list_requests_coachee" time="0.261" /><testcase classname="backend.tests.test_elevate_api.TestRequests" name="test_list_requests_coach" time="0.226" /><testcase classname="backend.tests.test_elevate_api.TestSessions" name="test_list_sessions_coachee" time="0.269" /><testcase classname="backend.tests.test_elevate_api.TestSessions" name="test_list_sessions_coach" time="0.229" /><testcase classname="backend.tests.test_elevate_api.TestSessions" name="test_list_sessions_unauthenticated" time="0.097" /><testcase classname="backend.tests.test_elevate_api.TestNotifications" name="test_list_notifications" time="0.227" /><testcase classname="backend.tests.test_elevate_api.TestNotifications" name="test_mark_all_read" time="0.211" /><testcase classname="backend.tests.test_elevate_api.TestNotifications" name="test_notifications_unauthenticated" time="0.109" /><testcase classname="backend.tests.test_elevate_api.TestEndToEndFlow" name="test_full_coaching_flow" time="1.137" /></testsuite></testsuites>