<?xml version="1.0" encoding="utf-8"?><testsuites name="pytest tests"><testsuite name="pytest" errors="0" failures="0" skipped="0" tests="28" time="0.934" timestamp="2026-04-24T04:36:33.299648+00:00" hostname="agent-env-16ef3e52-caf9-486e-9aa9-ec2beb106a95"><testcase classname="backend.tests.test_mis_reports.TestMISAPIAccess" name="test_mis_requires_auth" time="0.159" /><testcase classname="backend.tests.test_mis_reports.TestMISAPIAccess" name="test_mis_requires_admin_role" time="0.452" /><testcase classname="backend.tests.test_mis_reports.TestMISAPIAccess" name="test_mis_returns_expected_keys" time="0.111" /><testcase classname="backend.tests.test_mis_reports.TestCoachDetailsFields" name="test_coach_details_not_empty" time="0.000" /><testcase classname="backend.tests.test_mis_reports.TestCoachDetailsFields" name="test_coach_has_all_required_fields" time="0.000" /><testcase classname="backend.tests.test_mis_reports.TestCoachDetailsFields" name="test_coach_gender_populated" time="0.001" /><testcase classname="backend.tests.test_mis_reports.TestCoachDetailsFields" name="test_coach_region_populated" time="0.000" /><testcase classname="backend.tests.test_mis_reports.TestCoachDetailsFields" name="test_coach_employee_status_populated" time="0.001" /><testcase classname="backend.tests.test_mis_reports.TestCoachDetailsFields" name="test_coach_capacity_fields" time="0.000" /><testcase classname="backend.tests.test_mis_reports.TestCoacheeDetailsFields" name="test_coachee_details_not_empty" time="0.000" /><testcase classname="backend.tests.test_mis_reports.TestCoacheeDetailsFields" name="test_coachee_has_all_required_fields" time="0.000" /><testcase classname="backend.tests.test_mis_reports.TestCoacheeDetailsFields" name="test_coachee_gender_populated" time="0.001" /><testcase classname="backend.tests.test_mis_reports.TestCoacheeDetailsFields" name="test_coachee_region_populated" time="0.000" /><testcase classname="backend.tests.test_mis_reports.TestCoacheeDetailsFields" name="test_coachee_employee_status_populated" time="0.000" /><testcase classname="backend.tests.test_mis_reports.TestCoacheeDetailsFields" name="test_coachee_coaching_status_valid" time="0.000" /><testcase classname="backend.tests.test_mis_reports.TestChartAggregations" name="test_all_9_charts_present" time="0.000" /><testcase classname="backend.tests.test_mis_reports.TestChartAggregations" name="test_coaching_status_donut" time="0.002" /><testcase classname="backend.tests.test_mis_reports.TestChartAggregations" name="test_coaches_by_region_bar" time="0.000" /><testcase classname="backend.tests.test_mis_reports.TestChartAggregations" name="test_coachees_by_bu_bar" time="0.000" /><testcase classname="backend.tests.test_mis_reports.TestChartAggregations" name="test_gender_distribution_grouped_bar" time="0.000" /><testcase classname="backend.tests.test_mis_reports.TestChartAggregations" name="test_capacity_by_tier_grouped_bar" time="0.000" /><testcase classname="backend.tests.test_mis_reports.TestChartAggregations" name="test_top_coaches_bar" time="0.000" /><testcase classname="backend.tests.test_mis_reports.TestChartAggregations" name="test_nomination_split_pie" time="0.000" /><testcase classname="backend.tests.test_mis_reports.TestChartAggregations" name="test_sessions_bucket_bar" time="0.001" /><testcase classname="backend.tests.test_mis_reports.TestChartAggregations" name="test_employee_status_donut" time="0.000" /><testcase classname="backend.tests.test_mis_reports.TestDataConsistency" name="test_coach_count_matches" time="0.000" /><testcase classname="backend.tests.test_mis_reports.TestDataConsistency" name="test_coachee_count_matches" time="0.000" /><testcase classname="backend.tests.test_mis_reports.TestDataConsistency" name="test_gender_totals_match" time="0.001" /></testsuite></testsuites>