<?xml version="1.0" encoding="utf-8"?><testsuites name="pytest tests"><testsuite name="pytest" errors="0" failures="0" skipped="0" tests="30" time="14.090" timestamp="2026-04-16T19:33:46.693557+00:00" hostname="agent-env-16ef3e52-caf9-486e-9aa9-ec2beb106a95"><testcase classname="backend.tests.test_profile_edit.TestLogin" name="test_coach_login" time="0.507" /><testcase classname="backend.tests.test_profile_edit.TestLogin" name="test_coachee_login" time="0.391" /><testcase classname="backend.tests.test_profile_edit.TestLogin" name="test_admin_login" time="0.335" /><testcase classname="backend.tests.test_profile_edit.TestCoachProfileUpdate" name="test_coach_update_title" time="0.529" /><testcase classname="backend.tests.test_profile_edit.TestCoachProfileUpdate" name="test_coach_update_location" time="0.538" /><testcase classname="backend.tests.test_profile_edit.TestCoachProfileUpdate" name="test_coach_update_experience" time="0.606" /><testcase classname="backend.tests.test_profile_edit.TestCoachProfileUpdate" name="test_coach_update_about" time="0.492" /><testcase classname="backend.tests.test_profile_edit.TestCoachProfileUpdate" name="test_coach_update_expertise_tags" time="0.475" /><testcase classname="backend.tests.test_profile_edit.TestCoachProfileUpdate" name="test_coach_update_domains_tags" time="0.442" /><testcase classname="backend.tests.test_profile_edit.TestCoachProfileUpdate" name="test_coach_update_certifications_tags" time="0.438" /><testcase classname="backend.tests.test_profile_edit.TestCoachProfileUpdate" name="test_coach_cannot_update_coachee_fields" time="0.491" /><testcase classname="backend.tests.test_profile_edit.TestCoacheeProfileUpdate" name="test_coachee_update_job_title" time="0.496" /><testcase classname="backend.tests.test_profile_edit.TestCoacheeProfileUpdate" name="test_coachee_update_department" time="0.480" /><testcase classname="backend.tests.test_profile_edit.TestCoacheeProfileUpdate" name="test_coachee_update_tier" time="0.514" /><testcase classname="backend.tests.test_profile_edit.TestCoacheeProfileUpdate" name="test_coachee_update_designation" time="0.495" /><testcase classname="backend.tests.test_profile_edit.TestCoacheeProfileUpdate" name="test_coachee_update_location" time="0.489" /><testcase classname="backend.tests.test_profile_edit.TestCoacheeProfileUpdate" name="test_coachee_update_business_unit" time="0.552" /><testcase classname="backend.tests.test_profile_edit.TestCoacheeProfileUpdate" name="test_coachee_update_competency" time="0.492" /><testcase classname="backend.tests.test_profile_edit.TestCoacheeProfileUpdate" name="test_coachee_update_date_of_joining" time="0.469" /><testcase classname="backend.tests.test_profile_edit.TestCoacheeProfileUpdate" name="test_coachee_update_enrolment_type" time="0.473" /><testcase classname="backend.tests.test_profile_edit.TestCoacheeProfileUpdate" name="test_coachee_update_reason_for_enrolment" time="0.438" /><testcase classname="backend.tests.test_profile_edit.TestCoacheeProfileUpdate" name="test_coachee_cannot_update_coach_fields" time="0.469" /><testcase classname="backend.tests.test_profile_edit.TestAdminProfileUpdate" name="test_admin_cannot_update_coach_fields" time="0.455" /><testcase classname="backend.tests.test_profile_edit.TestAdminProfileUpdate" name="test_admin_cannot_update_coachee_fields" time="0.489" /><testcase classname="backend.tests.test_profile_edit.TestAvatarUpload" name="test_avatar_upload_requires_auth" time="0.134" /><testcase classname="backend.tests.test_profile_edit.TestAvatarUpload" name="test_avatar_upload_rejects_non_image" time="0.451" /><testcase classname="backend.tests.test_profile_edit.TestProfileUpdateValidation" name="test_profile_update_requires_auth" time="0.107" /><testcase classname="backend.tests.test_profile_edit.TestProfileUpdateValidation" name="test_profile_update_empty_body_rejected" time="0.501" /><testcase classname="backend.tests.test_profile_edit.TestGetMe" name="test_get_me_returns_updated_coach_profile" time="0.598" /><testcase classname="backend.tests.test_profile_edit.TestGetMe" name="test_get_me_returns_updated_coachee_profile" time="0.602" /></testsuite></testsuites>