<?xml version="1.0" encoding="utf-8"?><testsuites name="pytest tests"><testsuite name="pytest" errors="0" failures="0" skipped="0" tests="12" time="3.667" timestamp="2026-03-24T07:47:51.083980+00:00" hostname="agent-env-16ef3e52-caf9-486e-9aa9-ec2beb106a95"><testcase classname="backend.tests.test_pause_restart.TestPauseJourneyAPI" name="test_pause_requires_coach_role" time="0.338" /><testcase classname="backend.tests.test_pause_restart.TestPauseJourneyAPI" name="test_pause_only_accepted_journeys" time="0.322" /><testcase classname="backend.tests.test_pause_restart.TestPauseJourneyAPI" name="test_pause_journey_success" time="0.315" /><testcase classname="backend.tests.test_pause_restart.TestRestartJourneyAPI" name="test_restart_requires_coach_role" time="0.195" /><testcase classname="backend.tests.test_pause_restart.TestRestartJourneyAPI" name="test_restart_only_paused_journeys" time="0.097" /><testcase classname="backend.tests.test_pause_restart.TestRestartJourneyAPI" name="test_restart_journey_success" time="0.297" /><testcase classname="backend.tests.test_pause_restart.TestPauseNotifications" name="test_pause_creates_notification_for_coachee" time="0.389" /><testcase classname="backend.tests.test_pause_restart.TestPauseNotifications" name="test_restart_creates_notification_for_coachee" time="0.412" /><testcase classname="backend.tests.test_pause_restart.TestSessionBlockingWhenPaused" name="test_session_create_blocked_when_paused" time="0.527" /><testcase classname="backend.tests.test_pause_restart.TestSessionsCompletedStat" name="test_sarah_has_past_sessions" time="0.095" /><testcase classname="backend.tests.test_pause_restart.TestSessionsCompletedStat" name="test_all_sessions_returned_not_just_current" time="0.199" /><testcase classname="backend.tests.test_pause_restart.TestActiveRequestIncludesPaused" name="test_active_request_returns_paused_journey" time="0.432" /></testsuite></testsuites>