<?xml version="1.0" encoding="utf-8"?><testsuites name="pytest tests"><testsuite name="pytest" errors="0" failures="0" skipped="0" tests="15" time="6.228" timestamp="2026-04-17T07:19:50.634034+00:00" hostname="agent-env-16ef3e52-caf9-486e-9aa9-ec2beb106a95"><testcase classname="tests.test_email_triggers.TestLoginAndBasicEmails" name="test_admin_login" time="0.354" /><testcase classname="tests.test_email_triggers.TestLoginAndBasicEmails" name="test_coach_ajay_login" time="0.331" /><testcase classname="tests.test_email_triggers.TestLoginAndBasicEmails" name="test_coach_fatema_login" time="0.336" /><testcase classname="tests.test_email_triggers.TestLoginAndBasicEmails" name="test_coachee_vikram_login" time="0.327" /><testcase classname="tests.test_email_triggers.TestLoginAndBasicEmails" name="test_admin_can_get_emails" time="0.465" /><testcase classname="tests.test_email_triggers.TestCoachingRequestEmailTriggers" name="test_create_coaching_request_triggers_emails" time="0.576" /><testcase classname="tests.test_email_triggers.TestCoachAcceptEmailTriggers" name="test_coach_accept_triggers_emails" time="0.420" /><testcase classname="tests.test_email_triggers.TestGenderPronounInIntroductionEmail" name="test_female_coach_uses_she_pronoun" time="0.542" /><testcase classname="tests.test_email_triggers.TestGenderPronounInIntroductionEmail" name="test_male_coach_uses_he_pronoun" time="0.102" /><testcase classname="tests.test_email_triggers.TestCoachDeclineEmailTriggers" name="test_decline_cascades_to_next_coach" time="0.425" /><testcase classname="tests.test_email_triggers.TestJourneyCompleteEmailTriggers" name="test_complete_journey_triggers_emails" time="0.433" /><testcase classname="tests.test_email_triggers.TestEmailPlatformSender" name="test_all_emails_from_elevate" time="0.473" /><testcase classname="tests.test_email_triggers.TestEmailPlatformSender" name="test_emails_have_required_fields" time="0.476" /><testcase classname="tests.test_email_triggers.TestEmailContentVerification" name="test_admin_registration_alert_content" time="0.435" /><testcase classname="tests.test_email_triggers.TestEmailContentVerification" name="test_coach_availability_request_has_coachee_table" time="0.438" /></testsuite></testsuites>