<?xml version="1.0" encoding="utf-8"?><testsuites name="pytest tests"><testsuite name="pytest" errors="0" failures="0" skipped="0" tests="30" time="2.887" timestamp="2026-04-24T06:43:23.696416+00:00" hostname="agent-env-16ef3e52-caf9-486e-9aa9-ec2beb106a95"><testcase classname="tests.test_security_vapt.TestSecurityHeaders" name="test_x_content_type_options" time="0.196" /><testcase classname="tests.test_security_vapt.TestSecurityHeaders" name="test_x_frame_options" time="0.048" /><testcase classname="tests.test_security_vapt.TestSecurityHeaders" name="test_x_xss_protection" time="0.047" /><testcase classname="tests.test_security_vapt.TestSecurityHeaders" name="test_referrer_policy" time="0.044" /><testcase classname="tests.test_security_vapt.TestSecurityHeaders" name="test_strict_transport_security" time="0.045" /><testcase classname="tests.test_security_vapt.TestSecurityHeaders" name="test_content_security_policy" time="0.044" /><testcase classname="tests.test_security_vapt.TestSecurityHeaders" name="test_permissions_policy" time="0.047" /><testcase classname="tests.test_security_vapt.TestSecurityHeaders" name="test_cache_control" time="0.043" /><testcase classname="tests.test_security_vapt.TestSwaggerDisabled" name="test_docs_returns_404" time="0.043" /><testcase classname="tests.test_security_vapt.TestSwaggerDisabled" name="test_redoc_returns_404" time="0.046" /><testcase classname="tests.test_security_vapt.TestSwaggerDisabled" name="test_openapi_json_returns_404" time="0.046" /><testcase classname="tests.test_security_vapt.TestErrorHandling" name="test_404_no_stack_trace" time="0.046" /><testcase classname="tests.test_security_vapt.TestErrorHandling" name="test_api_root_no_version_info" time="0.043" /><testcase classname="tests.test_security_vapt.TestJWTSecurity" name="test_invalid_token_returns_401" time="0.044" /><testcase classname="tests.test_security_vapt.TestJWTSecurity" name="test_missing_auth_header_returns_401" time="0.043" /><testcase classname="tests.test_security_vapt.TestJWTSecurity" name="test_expired_token_returns_401" time="0.044" /><testcase classname="tests.test_security_vapt.TestNormalFlowsAndJWT" name="test_normal_login_jwt_expiry_and_no_password_hash" time="0.269" /><testcase classname="tests.test_security_vapt.TestNormalFlowsAndJWT" name="test_admin_login_works" time="0.268" /><testcase classname="tests.test_security_vapt.TestAuthenticatedEndpoints" name="test_me_endpoint_no_password_hash" time="0.049" /><testcase classname="tests.test_security_vapt.TestAuthenticatedEndpoints" name="test_profile_update_with_sanitized_input_works" time="0.046" /><testcase classname="tests.test_security_vapt.TestXSSSanitization" name="test_xss_script_tag_stripped_in_profile" time="0.047" /><testcase classname="tests.test_security_vapt.TestXSSSanitization" name="test_xss_event_handler_stripped" time="0.135" /><testcase classname="tests.test_security_vapt.TestFileUploadSecurity" name="test_non_image_file_rejected" time="0.116" /><testcase classname="tests.test_security_vapt.TestFileUploadSecurity" name="test_wrong_extension_rejected" time="0.108" /><testcase classname="tests.test_security_vapt.TestFileUploadSecurity" name="test_file_over_5mb_rejected" time="0.577" /><testcase classname="tests.test_security_vapt.TestFileUploadSecurity" name="test_valid_image_accepted" time="0.111" /><testcase classname="tests.test_security_vapt.TestNoSQLInjection" name="test_nosql_injection_gt_blocked" time="0.044" /><testcase classname="tests.test_security_vapt.TestNoSQLInjection" name="test_nosql_injection_ne_blocked" time="0.046" /><testcase classname="tests.test_security_vapt.TestInputValidation" name="test_invalid_email_format_rejected" time="0.047" /><testcase classname="tests.test_security_vapt.TestRateLimiting" name="test_rate_limit_exists_and_returns_clean_message" time="0.048" /></testsuite></testsuites>