<?xml version="1.0" encoding="utf-8"?><testsuites name="pytest tests"><testsuite name="pytest" errors="0" failures="0" skipped="2" tests="15" time="5.730" timestamp="2026-03-23T19:32:42.928857+00:00" hostname="agent-env-19f2b473-5eba-4bfb-9c9e-b91ed4da2a81"><testcase classname="backend.tests.test_elevate_iteration3.TestCoachAvailability" name="test_get_availability_returns_real_data" time="0.352" /><testcase classname="backend.tests.test_elevate_iteration3.TestCoachAvailability" name="test_get_raw_availability_coach_only" time="0.472" /><testcase classname="backend.tests.test_elevate_iteration3.TestCoachAvailability" name="test_post_availability_coach_can_add" time="0.451" /><testcase classname="backend.tests.test_elevate_iteration3.TestCoachAvailability" name="test_post_availability_coachee_forbidden" time="0.218" /><testcase classname="backend.tests.test_elevate_iteration3.TestCoachAvailability" name="test_delete_availability_coach_can_remove" time="0.507" /><testcase classname="backend.tests.test_elevate_iteration3.TestCoachAvailability" name="test_delete_availability_not_found" time="0.241" /><testcase classname="backend.tests.test_elevate_iteration3.TestPastSessions" name="test_sarah_has_6_past_sessions" time="0.254" /><testcase classname="backend.tests.test_elevate_iteration3.TestPastSessions" name="test_past_sessions_have_correct_structure" time="0.228" /><testcase classname="backend.tests.test_elevate_iteration3.TestTotalSessionsUpdate" name="test_update_total_sessions_requires_coach" time="0.227" /><testcase classname="backend.tests.test_elevate_iteration3.TestTotalSessionsUpdate" name="test_update_total_sessions_not_found" time="0.230" /><testcase classname="backend.tests.test_elevate_iteration3.TestSessionBookingWithAvailability" name="test_create_session_checks_availability" time="0.355"><skipped type="pytest.skip" message="Alex doesn't have an accepted request to test session booking">/app/backend/tests/test_elevate_iteration3.py:270: Alex doesn't have an accepted request to test session booking</skipped></testcase><testcase classname="backend.tests.test_elevate_iteration3.TestSessionProgressScoping" name="test_sarah_no_active_request" time="0.229" /><testcase classname="backend.tests.test_elevate_iteration3.TestSessionProgressScoping" name="test_past_journey_completed_with_feedback" time="0.228" /><testcase classname="backend.tests.test_elevate_iteration3.TestScheduledReminders" name="test_session_creation_schedules_reminders" time="0.340"><skipped type="pytest.skip" message="Alex doesn't have an accepted request">/app/backend/tests/test_elevate_iteration3.py:348: Alex doesn't have an accepted request</skipped></testcase><testcase classname="backend.tests.test_elevate_iteration3.TestE2EFlowIteration3" name="test_full_e2e_flow_with_availability" time="1.345" /></testsuite></testsuites>